#! /c/Source/iverilog-install/bin/vvp
:ivl_version "12.0 (devel)" "(s20150603-1539-g2693dd32b)";
:ivl_delay_selection "TYPICAL";
:vpi_time_precision - 12;
:vpi_module "C:\iverilog\lib\ivl\system.vpi";
:vpi_module "C:\iverilog\lib\ivl\vhdl_sys.vpi";
:vpi_module "C:\iverilog\lib\ivl\vhdl_textio.vpi";
:vpi_module "C:\iverilog\lib\ivl\v2005_math.vpi";
:vpi_module "C:\iverilog\lib\ivl\va_math.vpi";
S_000001a0b1f6c480 .scope module, "tb_traffic_light" "tb_traffic_light" 2 3;
 .timescale -9 -12;
v000001a0b1fbc330_0 .var "clk", 0 0;
v000001a0b1fbc290_0 .net "ew_g", 0 0, v000001a0b1f587d0_0;  1 drivers
v000001a0b1fbc650_0 .net "ew_r", 0 0, v000001a0b1f6c7a0_0;  1 drivers
v000001a0b1fbc150_0 .net "ew_y", 0 0, v000001a0b1f6c840_0;  1 drivers
v000001a0b1fbc1f0_0 .net "ns_g", 0 0, v000001a0b1f643e0_0;  1 drivers
v000001a0b1fbc3d0_0 .net "ns_r", 0 0, v000001a0b1f64480_0;  1 drivers
v000001a0b1fbc8d0_0 .net "ns_y", 0 0, v000001a0b1f64520_0;  1 drivers
v000001a0b1fbc970_0 .var "rst", 0 0;
v000001a0b1fbcd30_0 .var "tick", 0 0;
S_000001a0b1f6c610 .scope module, "dut" "traffic_light" 2 9, 3 1 0, S_000001a0b1f6c480;
 .timescale 0 0;
    .port_info 0 /INPUT 1 "clk";
    .port_info 1 /INPUT 1 "rst";
    .port_info 2 /INPUT 1 "tick";
    .port_info 3 /OUTPUT 1 "ns_g";
    .port_info 4 /OUTPUT 1 "ns_y";
    .port_info 5 /OUTPUT 1 "ns_r";
    .port_info 6 /OUTPUT 1 "ew_g";
    .port_info 7 /OUTPUT 1 "ew_y";
    .port_info 8 /OUTPUT 1 "ew_r";
P_000001a0b2056690 .param/l "EW_GREEN" 0 3 12, C4<10>;
P_000001a0b20566c8 .param/l "EW_G_TIME" 0 3 21, +C4<00000000000000000000000000000101>;
P_000001a0b2056700 .param/l "EW_YELLOW" 0 3 13, C4<11>;
P_000001a0b2056738 .param/l "EW_Y_TIME" 0 3 22, +C4<00000000000000000000000000000010>;
P_000001a0b2056770 .param/l "NS_GREEN" 0 3 10, C4<00>;
P_000001a0b20567a8 .param/l "NS_G_TIME" 0 3 19, +C4<00000000000000000000000000000101>;
P_000001a0b20567e0 .param/l "NS_YELLOW" 0 3 11, C4<01>;
P_000001a0b2056818 .param/l "NS_Y_TIME" 0 3 20, +C4<00000000000000000000000000000010>;
v000001a0b2056f30_0 .net "clk", 0 0, v000001a0b1fbc330_0;  1 drivers
v000001a0b1f587d0_0 .var "ew_g", 0 0;
v000001a0b1f6c7a0_0 .var "ew_r", 0 0;
v000001a0b1f6c840_0 .var "ew_y", 0 0;
v000001a0b1f643e0_0 .var "ns_g", 0 0;
v000001a0b1f64480_0 .var "ns_r", 0 0;
v000001a0b1f64520_0 .var "ns_y", 0 0;
v000001a0b1f645c0_0 .net "rst", 0 0, v000001a0b1fbc970_0;  1 drivers
v000001a0b2056860_0 .var "state_d", 1 0;
v000001a0b2056900_0 .var "state_q", 1 0;
v000001a0b20569a0_0 .net "tick", 0 0, v000001a0b1fbcd30_0;  1 drivers
v000001a0b1fbc830_0 .var "tick_count_d", 3 0;
v000001a0b1fbcab0_0 .var "tick_count_q", 3 0;
E_000001a0b205a530 .event anyedge, v000001a0b2056900_0;
E_000001a0b205aaf0 .event anyedge, v000001a0b2056900_0, v000001a0b1fbcab0_0, v000001a0b20569a0_0;
E_000001a0b205ab70 .event posedge, v000001a0b2056f30_0;
    .scope S_000001a0b1f6c610;
T_0 ;
    %wait E_000001a0b205ab70;
    %load/vec4 v000001a0b1f645c0_0;
    %flag_set/vec4 8;
    %jmp/0xz  T_0.0, 8;
    %pushi/vec4 0, 0, 2;
    %assign/vec4 v000001a0b2056900_0, 0;
    %pushi/vec4 0, 0, 4;
    %assign/vec4 v000001a0b1fbcab0_0, 0;
    %jmp T_0.1;
T_0.0 ;
    %load/vec4 v000001a0b2056860_0;
    %assign/vec4 v000001a0b2056900_0, 0;
    %load/vec4 v000001a0b1fbc830_0;
    %assign/vec4 v000001a0b1fbcab0_0, 0;
T_0.1 ;
    %jmp T_0;
    .thread T_0;
    .scope S_000001a0b1f6c610;
T_1 ;
    %wait E_000001a0b205aaf0;
    %load/vec4 v000001a0b2056900_0;
    %store/vec4 v000001a0b2056860_0, 0, 2;
    %load/vec4 v000001a0b1fbcab0_0;
    %store/vec4 v000001a0b1fbc830_0, 0, 4;
    %load/vec4 v000001a0b20569a0_0;
    %flag_set/vec4 8;
    %jmp/0xz  T_1.0, 8;
    %load/vec4 v000001a0b1fbcab0_0;
    %addi 1, 0, 4;
    %store/vec4 v000001a0b1fbc830_0, 0, 4;
    %load/vec4 v000001a0b2056900_0;
    %dup/vec4;
    %pushi/vec4 0, 0, 2;
    %cmp/u;
    %jmp/1 T_1.2, 6;
    %dup/vec4;
    %pushi/vec4 1, 0, 2;
    %cmp/u;
    %jmp/1 T_1.3, 6;
    %dup/vec4;
    %pushi/vec4 2, 0, 2;
    %cmp/u;
    %jmp/1 T_1.4, 6;
    %dup/vec4;
    %pushi/vec4 3, 0, 2;
    %cmp/u;
    %jmp/1 T_1.5, 6;
    %jmp T_1.6;
T_1.2 ;
    %load/vec4 v000001a0b1fbcab0_0;
    %pad/u 32;
    %cmpi/e 4, 0, 32;
    %jmp/0xz  T_1.7, 4;
    %pushi/vec4 1, 0, 2;
    %store/vec4 v000001a0b2056860_0, 0, 2;
    %pushi/vec4 0, 0, 4;
    %store/vec4 v000001a0b1fbc830_0, 0, 4;
T_1.7 ;
    %jmp T_1.6;
T_1.3 ;
    %load/vec4 v000001a0b1fbcab0_0;
    %pad/u 32;
    %cmpi/e 1, 0, 32;
    %jmp/0xz  T_1.9, 4;
    %pushi/vec4 2, 0, 2;
    %store/vec4 v000001a0b2056860_0, 0, 2;
    %pushi/vec4 0, 0, 4;
    %store/vec4 v000001a0b1fbc830_0, 0, 4;
T_1.9 ;
    %jmp T_1.6;
T_1.4 ;
    %load/vec4 v000001a0b1fbcab0_0;
    %pad/u 32;
    %cmpi/e 4, 0, 32;
    %jmp/0xz  T_1.11, 4;
    %pushi/vec4 3, 0, 2;
    %store/vec4 v000001a0b2056860_0, 0, 2;
    %pushi/vec4 0, 0, 4;
    %store/vec4 v000001a0b1fbc830_0, 0, 4;
T_1.11 ;
    %jmp T_1.6;
T_1.5 ;
    %load/vec4 v000001a0b1fbcab0_0;
    %pad/u 32;
    %cmpi/e 1, 0, 32;
    %jmp/0xz  T_1.13, 4;
    %pushi/vec4 0, 0, 2;
    %store/vec4 v000001a0b2056860_0, 0, 2;
    %pushi/vec4 0, 0, 4;
    %store/vec4 v000001a0b1fbc830_0, 0, 4;
T_1.13 ;
    %jmp T_1.6;
T_1.6 ;
    %pop/vec4 1;
T_1.0 ;
    %jmp T_1;
    .thread T_1, $push;
    .scope S_000001a0b1f6c610;
T_2 ;
    %wait E_000001a0b205a530;
    %pushi/vec4 0, 0, 1;
    %store/vec4 v000001a0b1f643e0_0, 0, 1;
    %pushi/vec4 0, 0, 1;
    %store/vec4 v000001a0b1f64520_0, 0, 1;
    %pushi/vec4 0, 0, 1;
    %store/vec4 v000001a0b1f64480_0, 0, 1;
    %pushi/vec4 0, 0, 1;
    %store/vec4 v000001a0b1f587d0_0, 0, 1;
    %pushi/vec4 0, 0, 1;
    %store/vec4 v000001a0b1f6c840_0, 0, 1;
    %pushi/vec4 0, 0, 1;
    %store/vec4 v000001a0b1f6c7a0_0, 0, 1;
    %load/vec4 v000001a0b2056900_0;
    %dup/vec4;
    %pushi/vec4 0, 0, 2;
    %cmp/u;
    %jmp/1 T_2.0, 6;
    %dup/vec4;
    %pushi/vec4 1, 0, 2;
    %cmp/u;
    %jmp/1 T_2.1, 6;
    %dup/vec4;
    %pushi/vec4 2, 0, 2;
    %cmp/u;
    %jmp/1 T_2.2, 6;
    %dup/vec4;
    %pushi/vec4 3, 0, 2;
    %cmp/u;
    %jmp/1 T_2.3, 6;
    %jmp T_2.4;
T_2.0 ;
    %pushi/vec4 1, 0, 1;
    %store/vec4 v000001a0b1f643e0_0, 0, 1;
    %pushi/vec4 1, 0, 1;
    %store/vec4 v000001a0b1f6c7a0_0, 0, 1;
    %jmp T_2.4;
T_2.1 ;
    %pushi/vec4 1, 0, 1;
    %store/vec4 v000001a0b1f64520_0, 0, 1;
    %pushi/vec4 1, 0, 1;
    %store/vec4 v000001a0b1f6c7a0_0, 0, 1;
    %jmp T_2.4;
T_2.2 ;
    %pushi/vec4 1, 0, 1;
    %store/vec4 v000001a0b1f587d0_0, 0, 1;
    %pushi/vec4 1, 0, 1;
    %store/vec4 v000001a0b1f64480_0, 0, 1;
    %jmp T_2.4;
T_2.3 ;
    %pushi/vec4 1, 0, 1;
    %store/vec4 v000001a0b1f6c840_0, 0, 1;
    %pushi/vec4 1, 0, 1;
    %store/vec4 v000001a0b1f64480_0, 0, 1;
    %jmp T_2.4;
T_2.4 ;
    %pop/vec4 1;
    %jmp T_2;
    .thread T_2, $push;
    .scope S_000001a0b1f6c480;
T_3 ;
    %delay 5000, 0;
    %load/vec4 v000001a0b1fbc330_0;
    %inv;
    %store/vec4 v000001a0b1fbc330_0, 0, 1;
    %jmp T_3;
    .thread T_3;
    .scope S_000001a0b1f6c480;
T_4 ;
    %vpi_call 2 19 "$dumpfile", "traffic_light.vcd" {0 0 0};
    %vpi_call 2 20 "$dumpvars", 32'sb00000000000000000000000000000000, S_000001a0b1f6c480 {0 0 0};
    %pushi/vec4 0, 0, 1;
    %store/vec4 v000001a0b1fbc330_0, 0, 1;
    %pushi/vec4 1, 0, 1;
    %store/vec4 v000001a0b1fbc970_0, 0, 1;
    %pushi/vec4 0, 0, 1;
    %store/vec4 v000001a0b1fbcd30_0, 0, 1;
    %delay 20000, 0;
    %pushi/vec4 0, 0, 1;
    %store/vec4 v000001a0b1fbc970_0, 0, 1;
    %pushi/vec4 40, 0, 32;
T_4.0 %dup/vec4;
    %pushi/vec4 0, 0, 32;
    %cmp/s;
    %jmp/1xz T_4.1, 5;
    %jmp/1 T_4.1, 4;
    %pushi/vec4 1, 0, 32;
    %sub;
    %delay 50000, 0;
    %pushi/vec4 1, 0, 1;
    %store/vec4 v000001a0b1fbcd30_0, 0, 1;
    %delay 10000, 0;
    %pushi/vec4 0, 0, 1;
    %store/vec4 v000001a0b1fbcd30_0, 0, 1;
    %jmp T_4.0;
T_4.1 ;
    %pop/vec4 1;
    %delay 100000, 0;
    %vpi_call 2 31 "$finish" {0 0 0};
    %end;
    .thread T_4;
# The file index is used to find the file name in the following table.
:file_names 4;
    "N/A";
    "<interactive>";
    "tb_traffic_light.v";
    "traffic_light.v";
