#! /c/Source/iverilog-install/bin/vvp
:ivl_version "12.0 (devel)" "(s20150603-1539-g2693dd32b)";
:ivl_delay_selection "TYPICAL";
:vpi_time_precision - 12;
:vpi_module "C:\iverilog\lib\ivl\system.vpi";
:vpi_module "C:\iverilog\lib\ivl\vhdl_sys.vpi";
:vpi_module "C:\iverilog\lib\ivl\vhdl_textio.vpi";
:vpi_module "C:\iverilog\lib\ivl\v2005_math.vpi";
:vpi_module "C:\iverilog\lib\ivl\va_math.vpi";
S_000001f9eac4ec10 .scope module, "tb_seq_detect_mealy" "tb_seq_detect_mealy" 2 4;
 .timescale -9 -12;
v000001f9eac467c0_0 .var "clk", 0 0;
v000001f9eac46860_0 .var "din", 0 0;
v000001f9eac46900_0 .var "rst", 0 0;
v000001f9eac469a0_0 .net "y", 0 0, v000001f9eac4be00_0;  1 drivers
S_000001f9eac4eda0 .scope module, "dut" "seq_detect_mealy" 2 10, 3 4 0, S_000001f9eac4ec10;
 .timescale 0 0;
    .port_info 0 /INPUT 1 "clk";
    .port_info 1 /INPUT 1 "rst";
    .port_info 2 /INPUT 1 "din";
    .port_info 3 /OUTPUT 1 "y";
P_000001f9eac466d0 .param/l "GOT1" 1 3 13, C4<01>;
P_000001f9eac46708 .param/l "GOT11" 1 3 14, C4<10>;
P_000001f9eac46740 .param/l "GOT110" 1 3 15, C4<11>;
P_000001f9eac46778 .param/l "IDLE" 1 3 12, C4<00>;
v000001f9eac4b1d0_0 .net "clk", 0 0, v000001f9eac467c0_0;  1 drivers
v000001f9eac4bb80_0 .net "din", 0 0, v000001f9eac46860_0;  1 drivers
v000001f9eac4bc20_0 .net "rst", 0 0, v000001f9eac46900_0;  1 drivers
v000001f9eac4bcc0_0 .var "state_d", 1 0;
v000001f9eac4bd60_0 .var "state_q", 1 0;
v000001f9eac4be00_0 .var "y", 0 0;
E_000001f9eaaf64f0 .event posedge, v000001f9eac4b1d0_0;
E_000001f9eaaf6070 .event anyedge, v000001f9eac4bd60_0, v000001f9eac4bb80_0;
    .scope S_000001f9eac4eda0;
T_0 ;
    %wait E_000001f9eaaf6070;
    %load/vec4 v000001f9eac4bd60_0;
    %store/vec4 v000001f9eac4bcc0_0, 0, 2;
    %pushi/vec4 0, 0, 1;
    %store/vec4 v000001f9eac4be00_0, 0, 1;
    %load/vec4 v000001f9eac4bd60_0;
    %dup/vec4;
    %pushi/vec4 0, 0, 2;
    %cmp/u;
    %jmp/1 T_0.0, 6;
    %dup/vec4;
    %pushi/vec4 1, 0, 2;
    %cmp/u;
    %jmp/1 T_0.1, 6;
    %dup/vec4;
    %pushi/vec4 2, 0, 2;
    %cmp/u;
    %jmp/1 T_0.2, 6;
    %dup/vec4;
    %pushi/vec4 3, 0, 2;
    %cmp/u;
    %jmp/1 T_0.3, 6;
    %jmp T_0.4;
T_0.0 ;
    %load/vec4 v000001f9eac4bb80_0;
    %flag_set/vec4 8;
    %jmp/0xz  T_0.5, 8;
    %pushi/vec4 1, 0, 2;
    %store/vec4 v000001f9eac4bcc0_0, 0, 2;
    %jmp T_0.6;
T_0.5 ;
    %pushi/vec4 0, 0, 2;
    %store/vec4 v000001f9eac4bcc0_0, 0, 2;
T_0.6 ;
    %jmp T_0.4;
T_0.1 ;
    %load/vec4 v000001f9eac4bb80_0;
    %flag_set/vec4 8;
    %jmp/0xz  T_0.7, 8;
    %pushi/vec4 2, 0, 2;
    %store/vec4 v000001f9eac4bcc0_0, 0, 2;
    %jmp T_0.8;
T_0.7 ;
    %pushi/vec4 0, 0, 2;
    %store/vec4 v000001f9eac4bcc0_0, 0, 2;
T_0.8 ;
    %jmp T_0.4;
T_0.2 ;
    %load/vec4 v000001f9eac4bb80_0;
    %flag_set/vec4 8;
    %jmp/0xz  T_0.9, 8;
    %pushi/vec4 2, 0, 2;
    %store/vec4 v000001f9eac4bcc0_0, 0, 2;
    %jmp T_0.10;
T_0.9 ;
    %pushi/vec4 3, 0, 2;
    %store/vec4 v000001f9eac4bcc0_0, 0, 2;
T_0.10 ;
    %jmp T_0.4;
T_0.3 ;
    %load/vec4 v000001f9eac4bb80_0;
    %flag_set/vec4 8;
    %jmp/0xz  T_0.11, 8;
    %pushi/vec4 1, 0, 1;
    %store/vec4 v000001f9eac4be00_0, 0, 1;
    %pushi/vec4 1, 0, 2;
    %store/vec4 v000001f9eac4bcc0_0, 0, 2;
    %jmp T_0.12;
T_0.11 ;
    %pushi/vec4 0, 0, 2;
    %store/vec4 v000001f9eac4bcc0_0, 0, 2;
T_0.12 ;
    %jmp T_0.4;
T_0.4 ;
    %pop/vec4 1;
    %jmp T_0;
    .thread T_0, $push;
    .scope S_000001f9eac4eda0;
T_1 ;
    %wait E_000001f9eaaf64f0;
    %load/vec4 v000001f9eac4bc20_0;
    %flag_set/vec4 8;
    %jmp/0xz  T_1.0, 8;
    %pushi/vec4 0, 0, 2;
    %assign/vec4 v000001f9eac4bd60_0, 0;
    %jmp T_1.1;
T_1.0 ;
    %load/vec4 v000001f9eac4bcc0_0;
    %assign/vec4 v000001f9eac4bd60_0, 0;
T_1.1 ;
    %jmp T_1;
    .thread T_1;
    .scope S_000001f9eac4ec10;
T_2 ;
    %delay 5000, 0;
    %load/vec4 v000001f9eac467c0_0;
    %inv;
    %store/vec4 v000001f9eac467c0_0, 0, 1;
    %jmp T_2;
    .thread T_2;
    .scope S_000001f9eac4ec10;
T_3 ;
    %vpi_call 2 22 "$dumpfile", "p1.vcd" {0 0 0};
    %vpi_call 2 23 "$dumpvars", 32'sb00000000000000000000000000000000, S_000001f9eac4ec10 {0 0 0};
    %pushi/vec4 0, 0, 1;
    %store/vec4 v000001f9eac467c0_0, 0, 1;
    %pushi/vec4 1, 0, 1;
    %store/vec4 v000001f9eac46900_0, 0, 1;
    %pushi/vec4 0, 0, 1;
    %store/vec4 v000001f9eac46860_0, 0, 1;
    %delay 12000, 0;
    %pushi/vec4 0, 0, 1;
    %store/vec4 v000001f9eac46900_0, 0, 1;
    %pushi/vec4 1, 0, 1;
    %store/vec4 v000001f9eac46860_0, 0, 1;
    %delay 10000, 0;
    %pushi/vec4 1, 0, 1;
    %store/vec4 v000001f9eac46860_0, 0, 1;
    %delay 10000, 0;
    %pushi/vec4 0, 0, 1;
    %store/vec4 v000001f9eac46860_0, 0, 1;
    %delay 10000, 0;
    %pushi/vec4 1, 0, 1;
    %store/vec4 v000001f9eac46860_0, 0, 1;
    %delay 10000, 0;
    %pushi/vec4 1, 0, 1;
    %store/vec4 v000001f9eac46860_0, 0, 1;
    %delay 10000, 0;
    %pushi/vec4 0, 0, 1;
    %store/vec4 v000001f9eac46860_0, 0, 1;
    %delay 10000, 0;
    %pushi/vec4 1, 0, 1;
    %store/vec4 v000001f9eac46860_0, 0, 1;
    %delay 10000, 0;
    %delay 20000, 0;
    %vpi_call 2 42 "$finish" {0 0 0};
    %end;
    .thread T_3;
    .scope S_000001f9eac4ec10;
T_4 ;
    %vpi_call 2 47 "$monitor", "Time=%0t | din=%b | y=%b | state_q=%0d", $time, v000001f9eac46860_0, v000001f9eac469a0_0, v000001f9eac4bd60_0 {0 0 0};
    %end;
    .thread T_4;
# The file index is used to find the file name in the following table.
:file_names 4;
    "N/A";
    "<interactive>";
    "seq_detect_mealy_tb.v";
    "seq_detect_mealy.v";
