#! /c/Source/iverilog-install/bin/vvp
:ivl_version "12.0 (devel)" "(s20150603-1539-g2693dd32b)";
:ivl_delay_selection "TYPICAL";
:vpi_time_precision - 12;
:vpi_module "C:\iverilog\lib\ivl\system.vpi";
:vpi_module "C:\iverilog\lib\ivl\vhdl_sys.vpi";
:vpi_module "C:\iverilog\lib\ivl\vhdl_textio.vpi";
:vpi_module "C:\iverilog\lib\ivl\v2005_math.vpi";
:vpi_module "C:\iverilog\lib\ivl\va_math.vpi";
S_000002c5e2e8b900 .scope module, "tb_vending_mealy" "tb_vending_mealy" 2 3;
 .timescale -9 -12;
v000002c5e303a530_0 .net "chg5", 0 0, v000002c5e2e8ba90_0;  1 drivers
v000002c5e3034340_0 .var "clk", 0 0;
v000002c5e30343e0_0 .var "coin", 1 0;
v000002c5e3034480_0 .net "dispense", 0 0, v000002c5e2e86aa0_0;  1 drivers
v000002c5e3034520_0 .var "rst", 0 0;
S_000002c5e303a1c0 .scope module, "dut" "vending_mealy" 2 10, 3 1 0, S_000002c5e2e8b900;
 .timescale 0 0;
    .port_info 0 /INPUT 1 "clk";
    .port_info 1 /INPUT 1 "rst";
    .port_info 2 /INPUT 2 "coin";
    .port_info 3 /OUTPUT 1 "dispense";
    .port_info 4 /OUTPUT 1 "chg5";
P_000002c5e2e8be70 .param/l "S0" 0 3 10, C4<00>;
P_000002c5e2e8bea8 .param/l "S10" 0 3 12, C4<10>;
P_000002c5e2e8bee0 .param/l "S15" 0 3 13, C4<11>;
P_000002c5e2e8bf18 .param/l "S5" 0 3 11, C4<01>;
v000002c5e2e8ba90_0 .var "chg5", 0 0;
v000002c5e2e86d10_0 .net "clk", 0 0, v000002c5e3034340_0;  1 drivers
v000002c5e2e86f30_0 .net "coin", 1 0, v000002c5e30343e0_0;  1 drivers
v000002c5e2e86aa0_0 .var "dispense", 0 0;
v000002c5e303a350_0 .net "rst", 0 0, v000002c5e3034520_0;  1 drivers
v000002c5e303a3f0_0 .var "state_d", 1 0;
v000002c5e303a490_0 .var "state_q", 1 0;
E_000002c5e3025ff0 .event anyedge, v000002c5e303a490_0, v000002c5e2e86f30_0;
E_000002c5e3025af0 .event posedge, v000002c5e2e86d10_0;
    .scope S_000002c5e303a1c0;
T_0 ;
    %wait E_000002c5e3025af0;
    %load/vec4 v000002c5e303a350_0;
    %flag_set/vec4 8;
    %jmp/0xz  T_0.0, 8;
    %pushi/vec4 0, 0, 2;
    %assign/vec4 v000002c5e303a490_0, 0;
    %jmp T_0.1;
T_0.0 ;
    %load/vec4 v000002c5e303a3f0_0;
    %assign/vec4 v000002c5e303a490_0, 0;
T_0.1 ;
    %jmp T_0;
    .thread T_0;
    .scope S_000002c5e303a1c0;
T_1 ;
    %wait E_000002c5e3025ff0;
    %load/vec4 v000002c5e303a490_0;
    %store/vec4 v000002c5e303a3f0_0, 0, 2;
    %pushi/vec4 0, 0, 1;
    %store/vec4 v000002c5e2e86aa0_0, 0, 1;
    %pushi/vec4 0, 0, 1;
    %store/vec4 v000002c5e2e8ba90_0, 0, 1;
    %load/vec4 v000002c5e303a490_0;
    %dup/vec4;
    %pushi/vec4 0, 0, 2;
    %cmp/u;
    %jmp/1 T_1.0, 6;
    %dup/vec4;
    %pushi/vec4 1, 0, 2;
    %cmp/u;
    %jmp/1 T_1.1, 6;
    %dup/vec4;
    %pushi/vec4 2, 0, 2;
    %cmp/u;
    %jmp/1 T_1.2, 6;
    %dup/vec4;
    %pushi/vec4 3, 0, 2;
    %cmp/u;
    %jmp/1 T_1.3, 6;
    %jmp T_1.4;
T_1.0 ;
    %load/vec4 v000002c5e2e86f30_0;
    %cmpi/e 1, 0, 2;
    %jmp/0xz  T_1.5, 4;
    %pushi/vec4 1, 0, 2;
    %store/vec4 v000002c5e303a3f0_0, 0, 2;
    %jmp T_1.6;
T_1.5 ;
    %load/vec4 v000002c5e2e86f30_0;
    %cmpi/e 2, 0, 2;
    %jmp/0xz  T_1.7, 4;
    %pushi/vec4 2, 0, 2;
    %store/vec4 v000002c5e303a3f0_0, 0, 2;
T_1.7 ;
T_1.6 ;
    %jmp T_1.4;
T_1.1 ;
    %load/vec4 v000002c5e2e86f30_0;
    %cmpi/e 1, 0, 2;
    %jmp/0xz  T_1.9, 4;
    %pushi/vec4 2, 0, 2;
    %store/vec4 v000002c5e303a3f0_0, 0, 2;
    %jmp T_1.10;
T_1.9 ;
    %load/vec4 v000002c5e2e86f30_0;
    %cmpi/e 2, 0, 2;
    %jmp/0xz  T_1.11, 4;
    %pushi/vec4 3, 0, 2;
    %store/vec4 v000002c5e303a3f0_0, 0, 2;
T_1.11 ;
T_1.10 ;
    %jmp T_1.4;
T_1.2 ;
    %load/vec4 v000002c5e2e86f30_0;
    %cmpi/e 1, 0, 2;
    %jmp/0xz  T_1.13, 4;
    %pushi/vec4 3, 0, 2;
    %store/vec4 v000002c5e303a3f0_0, 0, 2;
    %jmp T_1.14;
T_1.13 ;
    %load/vec4 v000002c5e2e86f30_0;
    %cmpi/e 2, 0, 2;
    %jmp/0xz  T_1.15, 4;
    %pushi/vec4 1, 0, 1;
    %store/vec4 v000002c5e2e86aa0_0, 0, 1;
    %pushi/vec4 0, 0, 2;
    %store/vec4 v000002c5e303a3f0_0, 0, 2;
T_1.15 ;
T_1.14 ;
    %jmp T_1.4;
T_1.3 ;
    %load/vec4 v000002c5e2e86f30_0;
    %cmpi/e 1, 0, 2;
    %jmp/0xz  T_1.17, 4;
    %pushi/vec4 1, 0, 1;
    %store/vec4 v000002c5e2e86aa0_0, 0, 1;
    %pushi/vec4 0, 0, 2;
    %store/vec4 v000002c5e303a3f0_0, 0, 2;
    %jmp T_1.18;
T_1.17 ;
    %load/vec4 v000002c5e2e86f30_0;
    %cmpi/e 2, 0, 2;
    %jmp/0xz  T_1.19, 4;
    %pushi/vec4 1, 0, 1;
    %store/vec4 v000002c5e2e86aa0_0, 0, 1;
    %pushi/vec4 1, 0, 1;
    %store/vec4 v000002c5e2e8ba90_0, 0, 1;
    %pushi/vec4 0, 0, 2;
    %store/vec4 v000002c5e303a3f0_0, 0, 2;
T_1.19 ;
T_1.18 ;
    %jmp T_1.4;
T_1.4 ;
    %pop/vec4 1;
    %jmp T_1;
    .thread T_1, $push;
    .scope S_000002c5e2e8b900;
T_2 ;
    %delay 5000, 0;
    %load/vec4 v000002c5e3034340_0;
    %inv;
    %store/vec4 v000002c5e3034340_0, 0, 1;
    %jmp T_2;
    .thread T_2;
    .scope S_000002c5e2e8b900;
T_3 ;
    %vpi_call 2 22 "$dumpfile", "vending_mealy.vcd" {0 0 0};
    %vpi_call 2 23 "$dumpvars", 32'sb00000000000000000000000000000000, S_000002c5e2e8b900 {0 0 0};
    %pushi/vec4 0, 0, 1;
    %store/vec4 v000002c5e3034340_0, 0, 1;
    %pushi/vec4 1, 0, 1;
    %store/vec4 v000002c5e3034520_0, 0, 1;
    %pushi/vec4 0, 0, 2;
    %store/vec4 v000002c5e30343e0_0, 0, 2;
    %delay 15000, 0;
    %pushi/vec4 0, 0, 1;
    %store/vec4 v000002c5e3034520_0, 0, 1;
    %delay 10000, 0;
    %pushi/vec4 1, 0, 2;
    %store/vec4 v000002c5e30343e0_0, 0, 2;
    %delay 10000, 0;
    %pushi/vec4 0, 0, 2;
    %store/vec4 v000002c5e30343e0_0, 0, 2;
    %delay 10000, 0;
    %pushi/vec4 1, 0, 2;
    %store/vec4 v000002c5e30343e0_0, 0, 2;
    %delay 10000, 0;
    %pushi/vec4 0, 0, 2;
    %store/vec4 v000002c5e30343e0_0, 0, 2;
    %delay 10000, 0;
    %pushi/vec4 2, 0, 2;
    %store/vec4 v000002c5e30343e0_0, 0, 2;
    %delay 10000, 0;
    %pushi/vec4 0, 0, 2;
    %store/vec4 v000002c5e30343e0_0, 0, 2;
    %delay 10000, 0;
    %pushi/vec4 2, 0, 2;
    %store/vec4 v000002c5e30343e0_0, 0, 2;
    %delay 10000, 0;
    %pushi/vec4 0, 0, 2;
    %store/vec4 v000002c5e30343e0_0, 0, 2;
    %delay 10000, 0;
    %pushi/vec4 2, 0, 2;
    %store/vec4 v000002c5e30343e0_0, 0, 2;
    %delay 10000, 0;
    %pushi/vec4 0, 0, 2;
    %store/vec4 v000002c5e30343e0_0, 0, 2;
    %delay 10000, 0;
    %pushi/vec4 2, 0, 2;
    %store/vec4 v000002c5e30343e0_0, 0, 2;
    %delay 10000, 0;
    %pushi/vec4 0, 0, 2;
    %store/vec4 v000002c5e30343e0_0, 0, 2;
    %delay 10000, 0;
    %pushi/vec4 1, 0, 2;
    %store/vec4 v000002c5e30343e0_0, 0, 2;
    %delay 10000, 0;
    %pushi/vec4 0, 0, 2;
    %store/vec4 v000002c5e30343e0_0, 0, 2;
    %delay 10000, 0;
    %pushi/vec4 2, 0, 2;
    %store/vec4 v000002c5e30343e0_0, 0, 2;
    %delay 10000, 0;
    %pushi/vec4 0, 0, 2;
    %store/vec4 v000002c5e30343e0_0, 0, 2;
    %delay 50000, 0;
    %vpi_call 2 42 "$finish" {0 0 0};
    %end;
    .thread T_3;
# The file index is used to find the file name in the following table.
:file_names 4;
    "N/A";
    "<interactive>";
    "tb_vending_mealy.v";
    "vending_mealy.v";
